\BOOKMARK [0][-]{part*.1}{\376\377\000O\000v\000e\000r\000v\000i\000e\000w}{}% 1
\BOOKMARK [1][-]{section*.2}{\376\377\000G\000e\000n\000e\000r\000a\000l\000\040\000I\000n\000f\000o\000r\000m\000a\000t\000i\000o\000n}{part*.1}% 2
\BOOKMARK [2][-]{subsection*.3}{\376\377\000C\000o\000u\000r\000s\000e\000\040\000W\000e\000b\000s\000i\000t\000e}{section*.2}% 3
\BOOKMARK [2][-]{subsection*.4}{\376\377\000C\000a\000n\000v\000a\000s}{section*.2}% 4
\BOOKMARK [2][-]{subsection*.5}{\376\377\000Z\000o\000o\000m}{section*.2}% 5
\BOOKMARK [2][-]{subsection*.6}{\376\377\000W\000h\000e\000r\000e\000/\000W\000h\000e\000n}{section*.2}% 6
\BOOKMARK [2][-]{subsection*.7}{\376\377\000O\000f\000f\000i\000c\000e\000\040\000H\000o\000u\000r\000s}{section*.2}% 7
\BOOKMARK [1][-]{section*.8}{\376\377\000C\000o\000u\000r\000s\000e\000\040\000D\000e\000s\000c\000r\000i\000p\000t\000i\000o\000n}{part*.1}% 8
\BOOKMARK [1][-]{section*.9}{\376\377\000E\000x\000p\000e\000c\000t\000a\000t\000i\000o\000n\000s}{part*.1}% 9
\BOOKMARK [1][-]{section*.10}{\376\377\000A\000c\000a\000d\000e\000m\000i\000c\000\040\000I\000n\000t\000e\000g\000r\000i\000t\000y}{part*.1}% 10
\BOOKMARK [1][-]{section*.11}{\376\377\000C\000o\000m\000m\000u\000n\000i\000t\000y\000\040\000S\000t\000a\000n\000d\000a\000r\000d\000s}{part*.1}% 11
\BOOKMARK [1][-]{section*.12}{\376\377\000A\000c\000c\000e\000s\000s\000i\000b\000i\000l\000i\000t\000y}{part*.1}% 12
\BOOKMARK [2][-]{subsection*.13}{\376\377\000A\000c\000a\000d\000e\000m\000i\000c\000\040\000A\000c\000c\000o\000m\000m\000o\000d\000a\000t\000i\000o\000n\000s}{section*.12}% 13
\BOOKMARK [2][-]{subsection*.14}{\376\377\000D\000i\000v\000e\000r\000s\000i\000t\000y\000\040\000a\000n\000d\000\040\000I\000n\000c\000l\000u\000s\000i\000o\000n}{section*.12}% 14
\BOOKMARK [0][-]{part*.15}{\376\377\000C\000o\000u\000r\000s\000e\000\040\000S\000t\000r\000u\000c\000t\000u\000r\000e\000\040\000a\000n\000d\000\040\000P\000o\000l\000i\000c\000i\000e\000s}{}% 15
\BOOKMARK [1][-]{section*.16}{\376\377\000C\000l\000a\000s\000s}{part*.15}% 16
\BOOKMARK [1][-]{section*.17}{\376\377\000A\000t\000t\000e\000n\000d\000a\000n\000c\000e}{part*.15}% 17
\BOOKMARK [1][-]{section*.18}{\376\377\000R\000e\000a\000d\000i\000n\000g\000s}{part*.15}% 18
\BOOKMARK [1][-]{section*.19}{\376\377\000L\000a\000b\000s}{part*.15}% 19
\BOOKMARK [1][-]{section*.20}{\376\377\000T\000u\000t\000o\000r\000i\000a\000l\000s}{part*.15}% 20
\BOOKMARK [1][-]{section*.21}{\376\377\000A\000s\000s\000i\000g\000n\000m\000e\000n\000t\000s}{part*.15}% 21
\BOOKMARK [1][-]{section*.22}{\376\377\000G\000r\000a\000d\000e\000s}{part*.15}% 22
\BOOKMARK [1][-]{section*.23}{\376\377\000T\000i\000m\000e}{part*.15}% 23
\BOOKMARK [0][-]{part*.24}{\376\377\000S\000c\000h\000e\000d\000u\000l\000e}{}% 24
\BOOKMARK [1][-]{section*.25}{\376\377\000W\000e\000e\000k\000\040\0000\000\040\040\024\000\040\000J\000a\000n\000u\000a\000r\000y\000\040\0002\0003\000,\000\040\0002\0000\0002\0005\040\024\000\040\000I\000n\000t\000r\000o\000d\000u\000c\000t\000i\000o\000n\000\040\000a\000n\000d\000\040\000C\000o\000u\000r\000s\000e\000\040\000O\000v\000e\000r\000v\000i\000e\000w}{part*.24}% 25
\BOOKMARK [2][-]{subsection*.26}{\376\377\000T\000h\000u\000r\000s\000d\000a\000y}{section*.25}% 26
\BOOKMARK [2][-]{subsection*.27}{\376\377\000R\000e\000a\000d\000:}{section*.25}% 27
\BOOKMARK [2][-]{subsection*.28}{\376\377\000D\000o\000:}{section*.25}% 28
\BOOKMARK [1][-]{section*.29}{\376\377\000W\000e\000e\000k\000\040\0001\000.\000\040\000D\000e\000s\000c\000r\000i\000b\000i\000n\000g\000\040\000D\000a\000t\000a\000\040\000i\000n\000\040\000R}{part*.24}% 29
\BOOKMARK [2][-]{subsection*.30}{\376\377\000R\000e\000a\000d\000:}{section*.29}% 30
\BOOKMARK [2][-]{subsection*.31}{\376\377\000T\000u\000e\000s\000d\000a\000y}{section*.29}% 31
\BOOKMARK [2][-]{subsection*.32}{\376\377\000T\000h\000u\000r\000s\000d\000a\000y}{section*.29}% 32
\BOOKMARK [2][-]{subsection*.33}{\376\377\000F\000r\000i\000d\000a\000y}{section*.29}% 33
\BOOKMARK [1][-]{section*.34}{\376\377\000W\000e\000e\000k\000\040\0002\000.\000\040\000V\000i\000s\000u\000a\000l\000i\000z\000i\000n\000g\000\040\000D\000a\000t\000a\000\040\000i\000n\000\040\000R}{part*.24}% 34
\BOOKMARK [2][-]{subsection*.35}{\376\377\000R\000e\000a\000d\000:}{section*.34}% 35
\BOOKMARK [2][-]{subsection*.36}{\376\377\000T\000u\000e\000s\000d\000a\000y}{section*.34}% 36
\BOOKMARK [2][-]{subsection*.37}{\376\377\000T\000h\000u\000r\000s\000d\000a\000y}{section*.34}% 37
\BOOKMARK [2][-]{subsection*.38}{\376\377\000F\000r\000i\000d\000a\000y}{section*.34}% 38
\BOOKMARK [1][-]{section*.39}{\376\377\000W\000e\000e\000k\000\040\0003\000.\000\040\000C\000a\000u\000s\000a\000t\000i\000o\000n\000\040\000I\000\040\000-\000\040\000E\000x\000p\000e\000r\000i\000m\000e\000n\000t\000a\000l\000\040\000S\000t\000u\000d\000i\000e\000s}{part*.24}% 39
\BOOKMARK [2][-]{subsection*.40}{\376\377\000R\000e\000a\000d\000:}{section*.39}% 40
\BOOKMARK [2][-]{subsection*.41}{\376\377\000T\000u\000e\000s\000d\000a\000y}{section*.39}% 41
\BOOKMARK [2][-]{subsection*.42}{\376\377\000T\000h\000u\000r\000s\000d\000a\000y}{section*.39}% 42
\BOOKMARK [2][-]{subsection*.43}{\376\377\000F\000r\000i\000d\000a\000y}{section*.39}% 43
\BOOKMARK [1][-]{section*.44}{\376\377\000W\000e\000e\000k\000\040\0004\000.\000\040\000C\000a\000u\000s\000a\000t\000i\000o\000n\000\040\000I\000I\000\040\000-\000\040\000O\000b\000s\000e\000r\000v\000a\000t\000i\000o\000n\000a\000l\000\040\000S\000t\000u\000d\000i\000e\000s}{part*.24}% 44
\BOOKMARK [2][-]{subsection*.45}{\376\377\000R\000e\000a\000d\000:}{section*.44}% 45
\BOOKMARK [2][-]{subsection*.46}{\376\377\000T\000u\000e\000s\000d\000a\000y}{section*.44}% 46
\BOOKMARK [2][-]{subsection*.47}{\376\377\000T\000h\000u\000r\000s\000d\000a\000y}{section*.44}% 47
\BOOKMARK [2][-]{subsection*.48}{\376\377\000F\000r\000i\000d\000a\000y}{section*.44}% 48
\BOOKMARK [2][-]{subsection*.49}{\376\377\000A\000s\000s\000i\000g\000n\000m\000e\000n\000t\000\040\0001}{section*.44}% 49
\BOOKMARK [1][-]{section*.50}{\376\377\000W\000e\000e\000k\000\040\0005\000.\000\040\000P\000r\000e\000d\000i\000c\000t\000i\000o\000n\000\040\000I}{part*.24}% 50
\BOOKMARK [2][-]{subsection*.51}{\376\377\000R\000e\000a\000d\000:}{section*.50}% 51
\BOOKMARK [2][-]{subsection*.52}{\376\377\000T\000u\000e\000s\000d\000a\000y}{section*.50}% 52
\BOOKMARK [2][-]{subsection*.53}{\376\377\000T\000h\000u\000r\000s\000d\000a\000y}{section*.50}% 53
\BOOKMARK [2][-]{subsection*.54}{\376\377\000F\000r\000i\000d\000a\000y}{section*.50}% 54
\BOOKMARK [1][-]{section*.55}{\376\377\000W\000e\000e\000k\000\040\0006\000.\000\040\000P\000r\000e\000d\000i\000c\000t\000i\000o\000n\000\040\000I\000I}{part*.24}% 55
\BOOKMARK [2][-]{subsection*.56}{\376\377\000R\000e\000a\000d\000:}{section*.55}% 56
\BOOKMARK [2][-]{subsection*.57}{\376\377\000T\000u\000e\000s\000d\000a\000y}{section*.55}% 57
\BOOKMARK [2][-]{subsection*.58}{\376\377\000T\000h\000u\000r\000s\000d\000a\000y}{section*.55}% 58
\BOOKMARK [2][-]{subsection*.59}{\376\377\000F\000r\000i\000d\000a\000y}{section*.55}% 59
\BOOKMARK [2][-]{subsection*.60}{\376\377\000A\000s\000s\000i\000g\000n\000m\000e\000n\000t\000\040\0002}{section*.55}% 60
\BOOKMARK [1][-]{section*.61}{\376\377\000W\000e\000e\000k\000\040\0007\000.\000\040\000P\000r\000e\000d\000i\000c\000t\000i\000o\000n\000\040\000I\000I\000I}{part*.24}% 61
\BOOKMARK [2][-]{subsection*.62}{\376\377\000R\000e\000a\000d\000:}{section*.61}% 62
\BOOKMARK [2][-]{subsection*.63}{\376\377\000T\000u\000e\000s\000d\000a\000y}{section*.61}% 63
\BOOKMARK [2][-]{subsection*.64}{\376\377\000T\000h\000u\000r\000s\000d\000a\000y}{section*.61}% 64
\BOOKMARK [1][-]{section*.65}{\376\377\000W\000e\000e\000k\000\040\0008\000.\000\040\000P\000r\000o\000b\000a\000b\000i\000l\000i\000t\000y\000\040\000I}{part*.24}% 65
\BOOKMARK [2][-]{subsection*.66}{\376\377\000R\000e\000a\000d\000:}{section*.65}% 66
\BOOKMARK [2][-]{subsection*.67}{\376\377\000T\000u\000e\000s\000d\000a\000y}{section*.65}% 67
\BOOKMARK [2][-]{subsection*.68}{\376\377\000T\000h\000u\000r\000s\000d\000a\000y}{section*.65}% 68
\BOOKMARK [2][-]{subsection*.69}{\376\377\000F\000r\000i\000d\000a\000y}{section*.65}% 69
\BOOKMARK [2][-]{subsection*.70}{\376\377\000A\000s\000s\000i\000g\000n\000m\000e\000n\000t\000\040\0003}{section*.65}% 70
\BOOKMARK [0][-]{part*.71}{\376\377\000S\000p\000r\000i\000n\000g\000\040\000B\000r\000e\000a\000k}{}% 71
\BOOKMARK [1][-]{section*.72}{\376\377\000W\000e\000e\000k\000\040\0009\000.\000\040\000P\000r\000o\000b\000a\000b\000i\000l\000i\000t\000y\000\040\000I\000I}{part*.71}% 72
\BOOKMARK [2][-]{subsection*.73}{\376\377\000R\000e\000a\000d\000:}{section*.72}% 73
\BOOKMARK [2][-]{subsection*.74}{\376\377\000T\000u\000e\000s\000d\000a\000y}{section*.72}% 74
\BOOKMARK [2][-]{subsection*.75}{\376\377\000T\000h\000u\000r\000s\000d\000a\000y}{section*.72}% 75
\BOOKMARK [2][-]{subsection*.76}{\376\377\000F\000r\000i\000d\000a\000y}{section*.72}% 76
\BOOKMARK [1][-]{section*.77}{\376\377\000W\000e\000e\000k\000\040\0001\0000\000.\000\040\000U\000n\000c\000e\000r\000t\000a\000i\000n\000t\000y\000\040\000I}{part*.71}% 77
\BOOKMARK [2][-]{subsection*.78}{\376\377\000R\000e\000a\000d\000:}{section*.77}% 78
\BOOKMARK [2][-]{subsection*.79}{\376\377\000T\000u\000e\000s\000d\000a\000y}{section*.77}% 79
\BOOKMARK [2][-]{subsection*.80}{\376\377\000T\000h\000u\000r\000s\000d\000a\000y}{section*.77}% 80
\BOOKMARK [2][-]{subsection*.81}{\376\377\000F\000r\000i\000d\000a\000y}{section*.77}% 81
\BOOKMARK [1][-]{section*.82}{\376\377\000W\000e\000e\000k\000\040\0001\0001\000.\000\040\000U\000n\000c\000e\000r\000t\000a\000i\000n\000t\000y\000\040\000I\000I}{part*.71}% 82
\BOOKMARK [2][-]{subsection*.83}{\376\377\000R\000e\000a\000d\000:}{section*.82}% 83
\BOOKMARK [2][-]{subsection*.84}{\376\377\000T\000u\000e\000s\000d\000a\000y}{section*.82}% 84
\BOOKMARK [2][-]{subsection*.85}{\376\377\000T\000h\000u\000r\000s\000d\000a\000y}{section*.82}% 85
\BOOKMARK [2][-]{subsection*.86}{\376\377\000F\000r\000i\000d\000a\000y}{section*.82}% 86
\BOOKMARK [2][-]{subsection*.87}{\376\377\000A\000s\000s\000i\000g\000n\000m\000e\000n\000t\000\040\0004}{section*.82}% 87
\BOOKMARK [1][-]{section*.88}{\376\377\000W\000e\000e\000k\000\040\0001\0002\000.\000\040\000W\000o\000r\000k\000s\000h\000o\000p\000s\000\040}{part*.71}% 88
\BOOKMARK [2][-]{subsection*.89}{\376\377\000T\000u\000e\000s\000d\000a\000y}{section*.88}% 89
\BOOKMARK [2][-]{subsection*.90}{\376\377\000T\000h\000u\000r\000s\000d\000a\000y\000\040}{section*.88}% 90
\BOOKMARK [2][-]{subsection*.91}{\376\377\000A\000s\000s\000i\000g\000n\000m\000e\000n\000t\000\040\0005}{section*.88}% 91
\BOOKMARK [1][-]{section*.92}{\376\377\000W\000e\000e\000k\000\040\0001\0003\000.\000\040\000W\000o\000r\000k\000s\000h\000o\000p\000s\000\040}{part*.71}% 92
\BOOKMARK [2][-]{subsection*.93}{\376\377\000T\000u\000e\000s\000d\000a\000y}{section*.92}% 93
\BOOKMARK [2][-]{subsection*.94}{\376\377\000T\000h\000u\000r\000s\000d\000a\000y\000\040}{section*.92}% 94
\BOOKMARK [2][-]{subsection*.95}{\376\377\000F\000i\000n\000a\000l\000\040\000P\000r\000o\000j\000e\000c\000t}{section*.92}% 95
\BOOKMARK [0][-]{part*.96}{\376\377\000R\000e\000f\000e\000r\000e\000n\000c\000e\000s}{}% 96
